2024-10-10 13:33:24,942 - INFO - Trial 0: num_heads=4, num_layers=2, hidden_dim=32, dropout=0.16483316106799512, learning_rate=1.795786961653642e-05, batch_size=35
2024-10-10 13:33:34,706 - INFO - Epoch [1/10] - Loss: 32.3539
2024-10-10 13:33:41,238 - INFO - Epoch [2/10] - Loss: 31.7064
2024-10-10 13:33:47,977 - INFO - Epoch [3/10] - Loss: 31.2836
2024-10-10 13:33:54,505 - INFO - Epoch [4/10] - Loss: 30.7520
2024-10-10 13:34:01,011 - INFO - Epoch [5/10] - Loss: 29.9795
2024-10-10 13:34:07,556 - INFO - Epoch [6/10] - Loss: 28.9585
2024-10-10 13:34:14,101 - INFO - Epoch [7/10] - Loss: 27.6943
2024-10-10 13:34:20,673 - INFO - Epoch [8/10] - Loss: 26.2294
2024-10-10 13:34:27,166 - INFO - Epoch [9/10] - Loss: 24.6887
2024-10-10 13:34:34,042 - INFO - Epoch [10/10] - Loss: 23.0583
2024-10-10 13:34:35,341 - INFO - Training completed in 69.85 seconds.
2024-10-10 13:34:35,341 - INFO - Model size: 3.33 MB, Accuracy: 0.8040, Precision: 0.8144
2024-10-10 13:34:35,343 - INFO - Trial 1: num_heads=4, num_layers=3, hidden_dim=128, dropout=0.4620672903190902, learning_rate=6.7136114033412e-05, batch_size=21
2024-10-10 13:34:43,523 - INFO - Epoch [1/10] - Loss: 43.8848
2024-10-10 13:34:51,510 - INFO - Epoch [2/10] - Loss: 25.6947
2024-10-10 13:34:59,971 - INFO - Epoch [3/10] - Loss: 16.0105
2024-10-10 13:35:08,140 - INFO - Epoch [4/10] - Loss: 10.0004
2024-10-10 13:35:16,533 - INFO - Epoch [5/10] - Loss: 6.9202
2024-10-10 13:35:24,662 - INFO - Epoch [6/10] - Loss: 6.1817
2024-10-10 13:35:32,877 - INFO - Epoch [7/10] - Loss: 3.2164
2024-10-10 13:35:40,724 - INFO - Epoch [8/10] - Loss: 1.8205
2024-10-10 13:35:48,374 - INFO - Epoch [9/10] - Loss: 0.8210
2024-10-10 13:35:56,050 - INFO - Epoch [10/10] - Loss: 0.3376
2024-10-10 13:35:57,517 - INFO - Training completed in 82.12 seconds.
2024-10-10 13:35:57,517 - INFO - Model size: 7.36 MB, Accuracy: 0.9628, Precision: 0.9559
2024-10-10 13:35:57,519 - INFO - Trial 2: num_heads=4, num_layers=4, hidden_dim=64, dropout=0.4292680127073165, learning_rate=2.122597678763268e-05, batch_size=20
2024-10-10 13:36:05,449 - INFO - Epoch [1/10] - Loss: 54.0693
2024-10-10 13:36:13,093 - INFO - Epoch [2/10] - Loss: 45.6069
2024-10-10 13:36:20,775 - INFO - Epoch [3/10] - Loss: 34.8795
2024-10-10 13:36:28,539 - INFO - Epoch [4/10] - Loss: 30.0126
2024-10-10 13:36:36,283 - INFO - Epoch [5/10] - Loss: 26.7602
2024-10-10 13:36:43,993 - INFO - Epoch [6/10] - Loss: 23.8886
2024-10-10 13:36:51,763 - INFO - Epoch [7/10] - Loss: 20.4480
2024-10-10 13:36:59,349 - INFO - Epoch [8/10] - Loss: 16.6267
2024-10-10 13:37:07,215 - INFO - Epoch [9/10] - Loss: 13.2428
2024-10-10 13:37:14,897 - INFO - Epoch [10/10] - Loss: 10.6666
2024-10-10 13:37:16,280 - INFO - Training completed in 78.72 seconds.
2024-10-10 13:37:16,281 - INFO - Model size: 7.23 MB, Accuracy: 0.9454, Precision: 0.9282
2024-10-10 13:37:16,282 - INFO - Best trial:
2024-10-10 13:37:16,283 - INFO - Trial 0
2024-10-10 13:37:16,283 - INFO - Hyperparameters: {'num_heads': 4, 'hidden_dim': 32, 'num_layers': 2, 'dropout': 0.16483316106799512, 'learning_rate': 1.795786961653642e-05, 'batch_size': 35}
2024-10-10 13:37:16,283 - INFO -  CPU Usage: 3.3302907943725586%
2024-10-10 13:37:16,283 - INFO -  Accuracy: -0.8039702233250621
2024-10-10 13:37:16,283 - INFO -  Precision: -0.8144329896907216
2024-10-10 13:38:31,314 - INFO - Trial 0: num_heads=4, num_layers=1, hidden_dim=8, dropout=0.4512971755598723, learning_rate=3.614920214676882e-05, batch_size=57
2024-10-10 13:38:40,574 - INFO - Epoch [1/10] - Loss: 20.3119
2024-10-10 13:38:46,465 - INFO - Epoch [2/10] - Loss: 20.2051
2024-10-10 13:38:53,533 - INFO - Epoch [3/10] - Loss: 20.0934
2024-10-10 13:39:09,661 - INFO - Epoch [4/10] - Loss: 19.9913
2024-10-10 13:39:23,370 - INFO - Epoch [5/10] - Loss: 19.8583
2024-10-10 13:39:29,322 - INFO - Epoch [6/10] - Loss: 19.6466
2024-10-10 13:39:35,982 - INFO - Epoch [7/10] - Loss: 19.4133
2024-10-10 13:39:42,673 - INFO - Epoch [8/10] - Loss: 18.9889
2024-10-10 13:39:49,322 - INFO - Epoch [9/10] - Loss: 18.5002
2024-10-10 13:39:56,071 - INFO - Epoch [10/10] - Loss: 17.8411
2024-10-10 13:40:00,797 - INFO - Training completed in 89.00 seconds.
2024-10-10 13:40:00,797 - INFO - Model size: 1.60 MB, Accuracy: 0.8065, Precision: 0.7662
2024-10-10 13:40:00,799 - INFO - Trial 1: num_heads=4, num_layers=1, hidden_dim=128, dropout=0.46079783435382804, learning_rate=7.194954457823117e-05, batch_size=23
2024-10-10 13:40:07,392 - INFO - Epoch [1/10] - Loss: 45.6960
2024-10-10 13:40:14,668 - INFO - Epoch [2/10] - Loss: 29.8988
2024-10-10 13:40:22,065 - INFO - Epoch [3/10] - Loss: 22.5252
2024-10-10 13:40:29,388 - INFO - Epoch [4/10] - Loss: 15.7203
2024-10-10 13:40:36,737 - INFO - Epoch [5/10] - Loss: 9.8310
2024-10-10 13:40:44,107 - INFO - Epoch [6/10] - Loss: 6.5381
2024-10-10 13:40:51,500 - INFO - Epoch [7/10] - Loss: 4.0771
2024-10-10 13:40:58,899 - INFO - Epoch [8/10] - Loss: 2.5510
2024-10-10 13:41:06,264 - INFO - Epoch [9/10] - Loss: 1.3822
2024-10-10 13:41:13,645 - INFO - Epoch [10/10] - Loss: 0.7260
2024-10-10 13:41:15,029 - INFO - Training completed in 74.22 seconds.
2024-10-10 13:41:15,029 - INFO - Model size: 2.72 MB, Accuracy: 0.9429, Precision: 0.9279
2024-10-10 13:41:15,031 - INFO - Trial 2: num_heads=4, num_layers=4, hidden_dim=32, dropout=0.46648526472026586, learning_rate=0.00015580819743729466, batch_size=60
2024-10-10 13:41:22,463 - INFO - Epoch [1/10] - Loss: 17.8993
2024-10-10 13:41:29,504 - INFO - Epoch [2/10] - Loss: 12.8404
2024-10-10 13:41:36,667 - INFO - Epoch [3/10] - Loss: 8.6810
2024-10-10 13:41:43,781 - INFO - Epoch [4/10] - Loss: 6.6871
2024-10-10 13:41:50,909 - INFO - Epoch [5/10] - Loss: 5.1585
2024-10-10 13:41:57,938 - INFO - Epoch [6/10] - Loss: 4.0331
2024-10-10 13:42:05,073 - INFO - Epoch [7/10] - Loss: 3.2835
2024-10-10 13:42:12,081 - INFO - Epoch [8/10] - Loss: 2.3216
2024-10-10 13:42:19,169 - INFO - Epoch [9/10] - Loss: 2.0478
2024-10-10 13:42:26,281 - INFO - Epoch [10/10] - Loss: 1.4088
2024-10-10 13:42:27,597 - INFO - Training completed in 72.46 seconds.
2024-10-10 13:42:27,597 - INFO - Model size: 6.56 MB, Accuracy: 0.9479, Precision: 0.9091
2024-10-10 13:42:27,599 - INFO - Best trial:
2024-10-10 13:42:27,599 - INFO - Trial 2
2024-10-10 13:42:27,599 - INFO - Hyperparameters: {'num_heads': 4, 'hidden_dim': 32, 'num_layers': 4, 'dropout': 0.46648526472026586, 'learning_rate': 0.00015580819743729466, 'batch_size': 60}
2024-10-10 13:42:27,599 - INFO -  CPU Usage: 0.9478908188585607%
